{"level":"info","message":"Server running on port 5000","timestamp":"2025-05-12T13:56:01.117Z"}
{"level":"info","message":"Server running on port 5000","timestamp":"2025-05-12T13:57:01.970Z"}
{"level":"info","message":"Server running on port 5000","timestamp":"2025-05-12T13:57:16.308Z"}
{"level":"info","message":"GET /","timestamp":"2025-05-12T13:58:08.995Z"}
{"level":"info","message":"GET /","timestamp":"2025-05-12T13:58:22.046Z"}
{"level":"info","message":"GET /api/stocks/NVDA?minutes=50&aggregation=average","timestamp":"2025-05-12T14:00:00.976Z"}
{"level":"info","message":"Fetched and cached prices for ticker NVDA","timestamp":"2025-05-12T14:00:01.312Z"}
{"level":"info","message":"GET /api/stockcorrelation?minutes=50&ticker=NVDA&ticker=PYPL","timestamp":"2025-05-12T14:03:56.489Z"}
{"level":"error","message":"Error in getStockCorrelation: tickers.split is not a function","timestamp":"2025-05-12T14:03:56.491Z"}
{"level":"info","message":"GET /api/stockcorrelation?minutes=50&ticker=NVDA&ticker=PYPL","timestamp":"2025-05-12T14:04:20.130Z"}
{"level":"error","message":"Error in getStockCorrelation: tickers.split is not a function","timestamp":"2025-05-12T14:04:20.131Z"}
{"level":"info","message":"Server running on port 5000","timestamp":"2025-05-12T14:12:14.031Z"}
{"level":"info","message":"GET /api/stockcorrelation?minutes=50&ticker=NVDA&ticker=PYPL","timestamp":"2025-05-12T14:12:17.595Z"}
{"level":"info","message":"Fetched and cached prices for ticker PYPL","timestamp":"2025-05-12T14:12:17.828Z"}
{"level":"info","message":"Fetched and cached prices for ticker NVDA","timestamp":"2025-05-12T14:12:17.857Z"}
{"level":"error","message":"Error in getStockCorrelation: Not enough common timestamps for correlation calculation","timestamp":"2025-05-12T14:12:17.858Z"}
{"level":"info","message":"Server running on port 5000","timestamp":"2025-05-12T14:15:04.250Z"}
{"level":"info","message":"GET /api/stockcorrelation?minutes=50&ticker=NVDA&ticker=PYPL","timestamp":"2025-05-12T14:15:13.120Z"}
{"level":"error","message":"Error fetching price history for PYPL: Request failed with status code 401","timestamp":"2025-05-12T14:15:13.441Z"}
{"level":"error","message":"Error in getStockCorrelation: Failed to fetch data for PYPL","timestamp":"2025-05-12T14:15:13.442Z"}
{"level":"error","message":"Error fetching price history for NVDA: Request failed with status code 401","timestamp":"2025-05-12T14:15:13.450Z"}
{"level":"info","message":"Loading environment variables: TEST_SERVER_URL=http://20.244.56.144/evaluation-service, ACCESS_TOKEN=eyJhbGciOiJIUzI1NiIsInR5cCI6IkpXVCJ9.eyJNYXBDbGFpbXMiOnsiZXhwIjoxNzQ3MDU1MTMxLCJpYXQiOjE3NDcwNTQ4MzEsImlzcyI6IkFmZm9yZG1lZCIsImp0aSI6ImU5N2YyMWU1LWEyZGEtNDM3Yy04NzY1LWQxN2I4MDBiYzBhOSIsInN1YiI6ImJsLmVuLnU0YWllMjIwNDFAYmwuc3R1ZGVudHMuYW1yaXRhLmVkdSJ9LCJlbWFpbCI6ImJsLmVuLnU0YWllMjIwNDFAYmwuc3R1ZGVudHMuYW1yaXRhLmVkdSIsIm5hbWUiOiJuLnYucy5zYW5qYW5hIiwicm9sbE5vIjoiYmwuZW4udTRhaWUyMjA0MSIsImFjY2Vzc0NvZGUiOiJTd3V1S0UiLCJjbGllbnRJRCI6ImU5N2YyMWU1LWEyZGEtNDM3Yy04NzY1LWQxN2I4MDBiYzBhOSIsImNsaWVudFNlY3JldCI6IlpDQmtNQnB4cG1VQUdZWVQifQ.kd0A72RFcmKoGIqhqUNe7nmch1UwTn8FqyWP-4oWBuI","timestamp":"2025-05-12T14:24:49.669Z"}
{"level":"info","message":"Loading environment variables: TEST_SERVER_URL=http://20.244.56.144/evaluation-service, ACCESS_TOKEN=eyJhbGciOiJIUzI1NiIsInR5cCI6IkpXVCJ9.eyJNYXBDbGFpbXMiOnsiZXhwIjoxNzQ3MDU1MTMxLCJpYXQiOjE3NDcwNTQ4MzEsImlzcyI6IkFmZm9yZG1lZCIsImp0aSI6ImU5N2YyMWU1LWEyZGEtNDM3Yy04NzY1LWQxN2I4MDBiYzBhOSIsInN1YiI6ImJsLmVuLnU0YWllMjIwNDFAYmwuc3R1ZGVudHMuYW1yaXRhLmVkdSJ9LCJlbWFpbCI6ImJsLmVuLnU0YWllMjIwNDFAYmwuc3R1ZGVudHMuYW1yaXRhLmVkdSIsIm5hbWUiOiJuLnYucy5zYW5qYW5hIiwicm9sbE5vIjoiYmwuZW4udTRhaWUyMjA0MSIsImFjY2Vzc0NvZGUiOiJTd3V1S0UiLCJjbGllbnRJRCI6ImU5N2YyMWU1LWEyZGEtNDM3Yy04NzY1LWQxN2I4MDBiYzBhOSIsImNsaWVudFNlY3JldCI6IlpDQmtNQnB4cG1VQUdZWVQifQ.kd0A72RFcmKoGIqhqUNe7nmch1UwTn8FqyWP-4oWBuI","timestamp":"2025-05-12T14:29:17.092Z"}
{"level":"info","message":"Received stock correlation request: minutes=m, tickers={NVDA},{PYPL}","timestamp":"2025-05-12T14:29:21.926Z"}
{"level":"error","message":"Invalid minutes parameter: m","timestamp":"2025-05-12T14:29:21.927Z"}
{"level":"info","message":"Received stock correlation request: minutes=50, tickers=NVDA,PYPL","timestamp":"2025-05-12T14:30:49.306Z"}
{"level":"info","message":"Fetching valid stocks from test server","timestamp":"2025-05-12T14:30:49.308Z"}
{"level":"info","message":"Fetching valid stocks from test server","timestamp":"2025-05-12T14:30:49.319Z"}
{"level":"error","message":"Error fetching valid stocks: Request failed with status code 401, Status: 401, Data: {\"message\":\"Invalid authorization token\"}","timestamp":"2025-05-12T14:30:49.565Z"}
{"level":"error","message":"Error in getStockCorrelation for NVDA and PYPL: Failed to fetch valid stocks, Stack: Error: Failed to fetch valid stocks\n    at StockService.<anonymous> (C:\\Users\\hasin\\Downloads\\BL.EN.U4AIE22041\\QUESTION1\\src\\services\\stockService.ts:51:13)\n    at Generator.throw (<anonymous>)\n    at rejected (C:\\Users\\hasin\\Downloads\\BL.EN.U4AIE22041\\QUESTION1\\src\\services\\stockService.ts:6:65)\n    at processTicksAndRejections (node:internal/process/task_queues:105:5)","timestamp":"2025-05-12T14:30:49.569Z"}
{"level":"error","message":"Error in getStockCorrelation: Failed to fetch valid stocks, Stack: Error: Failed to fetch valid stocks\n    at StockService.<anonymous> (C:\\Users\\hasin\\Downloads\\BL.EN.U4AIE22041\\QUESTION1\\src\\services\\stockService.ts:51:13)\n    at Generator.throw (<anonymous>)\n    at rejected (C:\\Users\\hasin\\Downloads\\BL.EN.U4AIE22041\\QUESTION1\\src\\services\\stockService.ts:6:65)\n    at processTicksAndRejections (node:internal/process/task_queues:105:5)","timestamp":"2025-05-12T14:30:49.570Z"}
{"level":"error","message":"Error fetching valid stocks: Request failed with status code 401, Status: 401, Data: {\"message\":\"Invalid authorization token\"}","timestamp":"2025-05-12T14:30:49.585Z"}
{"level":"info","message":"Received stock correlation request: minutes=50, tickers=NVDA,PYPL","timestamp":"2025-05-12T14:36:44.488Z"}
{"level":"info","message":"Fetching valid stocks from test server","timestamp":"2025-05-12T14:36:44.502Z"}
{"level":"info","message":"Fetching valid stocks from test server","timestamp":"2025-05-12T14:36:44.504Z"}
{"level":"error","message":"Error fetching valid stocks: Request failed with status code 401, Status: 401, Data: {\"message\":\"Invalid authorization token\"}","timestamp":"2025-05-12T14:36:44.614Z"}
{"level":"error","message":"Error in getStockCorrelation for NVDA and PYPL: Failed to fetch valid stocks, Stack: Error: Failed to fetch valid stocks\n    at StockService.<anonymous> (C:\\Users\\hasin\\Downloads\\BL.EN.U4AIE22041\\QUESTION1\\src\\services\\stockService.ts:51:13)\n    at Generator.throw (<anonymous>)\n    at rejected (C:\\Users\\hasin\\Downloads\\BL.EN.U4AIE22041\\QUESTION1\\src\\services\\stockService.ts:6:65)\n    at processTicksAndRejections (node:internal/process/task_queues:105:5)","timestamp":"2025-05-12T14:36:44.616Z"}
{"level":"error","message":"Error in getStockCorrelation: Failed to fetch valid stocks, Stack: Error: Failed to fetch valid stocks\n    at StockService.<anonymous> (C:\\Users\\hasin\\Downloads\\BL.EN.U4AIE22041\\QUESTION1\\src\\services\\stockService.ts:51:13)\n    at Generator.throw (<anonymous>)\n    at rejected (C:\\Users\\hasin\\Downloads\\BL.EN.U4AIE22041\\QUESTION1\\src\\services\\stockService.ts:6:65)\n    at processTicksAndRejections (node:internal/process/task_queues:105:5)","timestamp":"2025-05-12T14:36:44.617Z"}
{"level":"error","message":"Error fetching valid stocks: Request failed with status code 401, Status: 401, Data: {\"message\":\"Invalid authorization token\"}","timestamp":"2025-05-12T14:36:44.621Z"}
{"level":"info","message":"Received stock correlation request: minutes=50, tickers=NVDA,PYPL","timestamp":"2025-05-12T14:41:04.474Z"}
{"level":"info","message":"Fetching valid stocks from test server","timestamp":"2025-05-12T14:41:04.475Z"}
{"level":"info","message":"Fetching valid stocks from test server","timestamp":"2025-05-12T14:41:04.476Z"}
{"level":"error","message":"Error fetching valid stocks: Request failed with status code 401, Status: 401, Data: {\"message\":\"Invalid authorization token\"}","timestamp":"2025-05-12T14:41:04.612Z"}
{"level":"error","message":"Error in getStockCorrelation for NVDA and PYPL: Failed to fetch valid stocks, Stack: Error: Failed to fetch valid stocks\n    at StockService.<anonymous> (C:\\Users\\hasin\\Downloads\\BL.EN.U4AIE22041\\QUESTION1\\src\\services\\stockService.ts:51:13)\n    at Generator.throw (<anonymous>)\n    at rejected (C:\\Users\\hasin\\Downloads\\BL.EN.U4AIE22041\\QUESTION1\\src\\services\\stockService.ts:6:65)\n    at processTicksAndRejections (node:internal/process/task_queues:105:5)","timestamp":"2025-05-12T14:41:04.613Z"}
{"level":"error","message":"Error in getStockCorrelation: Failed to fetch valid stocks, Stack: Error: Failed to fetch valid stocks\n    at StockService.<anonymous> (C:\\Users\\hasin\\Downloads\\BL.EN.U4AIE22041\\QUESTION1\\src\\services\\stockService.ts:51:13)\n    at Generator.throw (<anonymous>)\n    at rejected (C:\\Users\\hasin\\Downloads\\BL.EN.U4AIE22041\\QUESTION1\\src\\services\\stockService.ts:6:65)\n    at processTicksAndRejections (node:internal/process/task_queues:105:5)","timestamp":"2025-05-12T14:41:04.614Z"}
{"level":"error","message":"Error fetching valid stocks: Request failed with status code 401, Status: 401, Data: {\"message\":\"Invalid authorization token\"}","timestamp":"2025-05-12T14:41:04.619Z"}
{"level":"info","message":"Received stock correlation request: minutes=50, tickers=NVDA,PYPL","timestamp":"2025-05-12T14:43:11.096Z"}
{"level":"info","message":"Fetching valid stocks from test server","timestamp":"2025-05-12T14:43:11.097Z"}
{"level":"info","message":"Fetching valid stocks from test server","timestamp":"2025-05-12T14:43:11.098Z"}
{"level":"error","message":"Error fetching valid stocks: Request failed with status code 401, Status: 401, Data: {\"message\":\"Invalid authorization token\"}","timestamp":"2025-05-12T14:43:11.213Z"}
{"level":"error","message":"Error in getStockCorrelation for NVDA and PYPL: Failed to fetch valid stocks, Stack: Error: Failed to fetch valid stocks\n    at StockService.<anonymous> (C:\\Users\\hasin\\Downloads\\BL.EN.U4AIE22041\\QUESTION1\\src\\services\\stockService.ts:51:13)\n    at Generator.throw (<anonymous>)\n    at rejected (C:\\Users\\hasin\\Downloads\\BL.EN.U4AIE22041\\QUESTION1\\src\\services\\stockService.ts:6:65)\n    at processTicksAndRejections (node:internal/process/task_queues:105:5)","timestamp":"2025-05-12T14:43:11.214Z"}
{"level":"error","message":"Error in getStockCorrelation: Failed to fetch valid stocks, Stack: Error: Failed to fetch valid stocks\n    at StockService.<anonymous> (C:\\Users\\hasin\\Downloads\\BL.EN.U4AIE22041\\QUESTION1\\src\\services\\stockService.ts:51:13)\n    at Generator.throw (<anonymous>)\n    at rejected (C:\\Users\\hasin\\Downloads\\BL.EN.U4AIE22041\\QUESTION1\\src\\services\\stockService.ts:6:65)\n    at processTicksAndRejections (node:internal/process/task_queues:105:5)","timestamp":"2025-05-12T14:43:11.214Z"}
{"level":"error","message":"Error fetching valid stocks: Request failed with status code 401, Status: 401, Data: {\"message\":\"Invalid authorization token\"}","timestamp":"2025-05-12T14:43:11.223Z"}
{"level":"info","message":"Loading environment variables: TEST_SERVER_URL=http://20.244.56.144/evaluation-service, ACCESS_TOKEN=eyJhbGciOiJIUzI1NiIsInR5cCI6IkpXVCJ9.eyJNYXBDbGFpbXMiOnsiZXhwIjoxNzQ3MDU1MTMxLCJpYXQiOjE3NDcwNTQ4MzEsImlzcyI6IkFmZm9yZG1lZCIsImp0aSI6ImU5N2YyMWU1LWEyZGEtNDM3Yy04NzY1LWQxN2I4MDBiYzBhOSIsInN1YiI6ImJsLmVuLnU0YWllMjIwNDFAYmwuc3R1ZGVudHMuYW1yaXRhLmVkdSJ9LCJlbWFpbCI6ImJsLmVuLnU0YWllMjIwNDFAYmwuc3R1ZGVudHMuYW1yaXRhLmVkdSIsIm5hbWUiOiJuLnYucy5zYW5qYW5hIiwicm9sbE5vIjoiYmwuZW4udTRhaWUyMjA0MSIsImFjY2Vzc0NvZGUiOiJTd3V1S0UiLCJjbGllbnRJRCI6ImU5N2YyMWU1LWEyZGEtNDM3Yy04NzY1LWQxN2I4MDBiYzBhOSIsImNsaWVudFNlY3JldCI6IlpDQmtNQnB4cG1VQUdZWVQifQ.kd0A72RFcmKoGIqhqUNe7nmch1UwTn8FqyWP-4oWBuI","timestamp":"2025-05-12T14:45:15.559Z"}
{"level":"info","message":"Loading environment variables: TEST_SERVER_URL=http://20.244.56.144/evaluation-service, ACCESS_TOKEN=eyJhbGciOiJIUzI1NiIsInR5cCI6IkpXVCJ9.eyJNYXBDbGFpbXMiOnsiZXhwIjoxNzQ3MDU1MTMxLCJpYXQiOjE3NDcwNTQ4MzEsImlzcyI6IkFmZm9yZG1lZCIsImp0aSI6ImU5N2YyMWU1LWEyZGEtNDM3Yy04NzY1LWQxN2I4MDBiYzBhOSIsInN1YiI6ImJsLmVuLnU0YWllMjIwNDFAYmwuc3R1ZGVudHMuYW1yaXRhLmVkdSJ9LCJlbWFpbCI6ImJsLmVuLnU0YWllMjIwNDFAYmwuc3R1ZGVudHMuYW1yaXRhLmVkdSIsIm5hbWUiOiJuLnYucy5zYW5qYW5hIiwicm9sbE5vIjoiYmwuZW4udTRhaWUyMjA0MSIsImFjY2Vzc0NvZGUiOiJTd3V1S0UiLCJjbGllbnRJRCI6ImU5N2YyMWU1LWEyZGEtNDM3Yy04NzY1LWQxN2I4MDBiYzBhOSIsImNsaWVudFNlY3JldCI6IlpDQmtNQnB4cG1VQUdZWVQifQ.kd0A72RFcmKoGIqhqUNe7nmch1UwTn8FqyWP-4oWBuI","timestamp":"2025-05-12T14:52:03.606Z"}
{"level":"info","message":"Received stock correlation request: minutes=50, tickers=NVDA,PYPL","timestamp":"2025-05-12T14:57:26.578Z"}
{"level":"info","message":"Loading environment variables: TEST_SERVER_URL=http://20.244.56.144/evaluation-service, ACCESS_TOKEN=eyJhbGciOiJIUzI1NiIsInR5cCI6IkpXVCJ9.eyJNYXBDbGFpbXMiOnsiZXhwIjoxNzQ3MDU1MTMxLCJpYXQiOjE3NDcwNTQ4MzEsImlzcyI6IkFmZm9yZG1lZCIsImp0aSI6ImU5N2YyMWU1LWEyZGEtNDM3Yy04NzY1LWQxN2I4MDBiYzBhOSIsInN1YiI6ImJsLmVuLnU0YWllMjIwNDFAYmwuc3R1ZGVudHMuYW1yaXRhLmVkdSJ9LCJlbWFpbCI6ImJsLmVuLnU0YWllMjIwNDFAYmwuc3R1ZGVudHMuYW1yaXRhLmVkdSIsIm5hbWUiOiJuLnYucy5zYW5qYW5hIiwicm9sbE5vIjoiYmwuZW4udTRhaWUyMjA0MSIsImFjY2Vzc0NvZGUiOiJTd3V1S0UiLCJjbGllbnRJRCI6ImU5N2YyMWU1LWEyZGEtNDM3Yy04NzY1LWQxN2I4MDBiYzBhOSIsImNsaWVudFNlY3JldCI6IlpDQmtNQnB4cG1VQUdZWVQifQ.kd0A72RFcmKoGIqhqUNe7nmch1UwTn8FqyWP-4oWBuI","timestamp":"2025-05-12T15:05:49.903Z"}
{"level":"info","message":"Received stock correlation request: minutes=m, tickers={NVDA},{PYPL}","timestamp":"2025-05-12T15:07:12.936Z"}
{"level":"error","message":"Invalid minutes parameter: m","timestamp":"2025-05-12T15:07:12.936Z"}
{"level":"info","message":"Received stock correlation request: minutes=50, tickers={NVDA},{PYPL}","timestamp":"2025-05-12T15:07:19.947Z"}
{"level":"info","message":"Fetching valid stocks from test server","timestamp":"2025-05-12T15:07:19.948Z"}
{"level":"info","message":"Fetching valid stocks from test server","timestamp":"2025-05-12T15:07:19.956Z"}
{"level":"error","message":"Error fetching valid stocks: Request failed with status code 401, Status: 401, Data: {\"message\":\"Invalid authorization token\"}","timestamp":"2025-05-12T15:07:20.108Z"}
{"level":"error","message":"Error in getStockCorrelation for {NVDA} and {PYPL}: Failed to fetch valid stocks, Stack: Error: Failed to fetch valid stocks\n    at StockService.<anonymous> (C:\\Users\\hasin\\Downloads\\BL.EN.U4AIE22041\\QUESTION1\\src\\services\\stockService.ts:51:13)\n    at Generator.throw (<anonymous>)\n    at rejected (C:\\Users\\hasin\\Downloads\\BL.EN.U4AIE22041\\QUESTION1\\src\\services\\stockService.ts:6:65)\n    at processTicksAndRejections (node:internal/process/task_queues:105:5)","timestamp":"2025-05-12T15:07:20.110Z"}
{"level":"error","message":"Error in getStockCorrelation: Failed to fetch valid stocks, Stack: Error: Failed to fetch valid stocks\n    at StockService.<anonymous> (C:\\Users\\hasin\\Downloads\\BL.EN.U4AIE22041\\QUESTION1\\src\\services\\stockService.ts:51:13)\n    at Generator.throw (<anonymous>)\n    at rejected (C:\\Users\\hasin\\Downloads\\BL.EN.U4AIE22041\\QUESTION1\\src\\services\\stockService.ts:6:65)\n    at processTicksAndRejections (node:internal/process/task_queues:105:5)","timestamp":"2025-05-12T15:07:20.111Z"}
{"level":"error","message":"Error fetching valid stocks: Request failed with status code 401, Status: 401, Data: {\"message\":\"Invalid authorization token\"}","timestamp":"2025-05-12T15:07:20.114Z"}
{"level":"info","message":"Received stock correlation request: minutes=60, tickers={NVDA},{PYPL}","timestamp":"2025-05-12T15:07:45.310Z"}
{"level":"info","message":"Fetching valid stocks from test server","timestamp":"2025-05-12T15:07:45.311Z"}
{"level":"info","message":"Fetching valid stocks from test server","timestamp":"2025-05-12T15:07:45.311Z"}
{"level":"error","message":"Error fetching valid stocks: Request failed with status code 401, Status: 401, Data: {\"message\":\"Invalid authorization token\"}","timestamp":"2025-05-12T15:07:45.477Z"}
{"level":"error","message":"Error in getStockCorrelation for {NVDA} and {PYPL}: Failed to fetch valid stocks, Stack: Error: Failed to fetch valid stocks\n    at StockService.<anonymous> (C:\\Users\\hasin\\Downloads\\BL.EN.U4AIE22041\\QUESTION1\\src\\services\\stockService.ts:51:13)\n    at Generator.throw (<anonymous>)\n    at rejected (C:\\Users\\hasin\\Downloads\\BL.EN.U4AIE22041\\QUESTION1\\src\\services\\stockService.ts:6:65)\n    at processTicksAndRejections (node:internal/process/task_queues:105:5)","timestamp":"2025-05-12T15:07:45.478Z"}
{"level":"error","message":"Error in getStockCorrelation: Failed to fetch valid stocks, Stack: Error: Failed to fetch valid stocks\n    at StockService.<anonymous> (C:\\Users\\hasin\\Downloads\\BL.EN.U4AIE22041\\QUESTION1\\src\\services\\stockService.ts:51:13)\n    at Generator.throw (<anonymous>)\n    at rejected (C:\\Users\\hasin\\Downloads\\BL.EN.U4AIE22041\\QUESTION1\\src\\services\\stockService.ts:6:65)\n    at processTicksAndRejections (node:internal/process/task_queues:105:5)","timestamp":"2025-05-12T15:07:45.479Z"}
{"level":"error","message":"Error fetching valid stocks: Request failed with status code 401, Status: 401, Data: {\"message\":\"Invalid authorization token\"}","timestamp":"2025-05-12T15:07:45.484Z"}
{"level":"info","message":"Received stock correlation request: minutes=40, tickers={NVDA},{PYPL}","timestamp":"2025-05-12T15:07:52.412Z"}
{"level":"info","message":"Fetching valid stocks from test server","timestamp":"2025-05-12T15:07:52.413Z"}
{"level":"info","message":"Fetching valid stocks from test server","timestamp":"2025-05-12T15:07:52.414Z"}
{"level":"error","message":"Error fetching valid stocks: Request failed with status code 401, Status: 401, Data: {\"message\":\"Invalid authorization token\"}","timestamp":"2025-05-12T15:07:52.919Z"}
{"level":"error","message":"Error in getStockCorrelation for {NVDA} and {PYPL}: Failed to fetch valid stocks, Stack: Error: Failed to fetch valid stocks\n    at StockService.<anonymous> (C:\\Users\\hasin\\Downloads\\BL.EN.U4AIE22041\\QUESTION1\\src\\services\\stockService.ts:51:13)\n    at Generator.throw (<anonymous>)\n    at rejected (C:\\Users\\hasin\\Downloads\\BL.EN.U4AIE22041\\QUESTION1\\src\\services\\stockService.ts:6:65)\n    at processTicksAndRejections (node:internal/process/task_queues:105:5)","timestamp":"2025-05-12T15:07:52.919Z"}
{"level":"error","message":"Error in getStockCorrelation: Failed to fetch valid stocks, Stack: Error: Failed to fetch valid stocks\n    at StockService.<anonymous> (C:\\Users\\hasin\\Downloads\\BL.EN.U4AIE22041\\QUESTION1\\src\\services\\stockService.ts:51:13)\n    at Generator.throw (<anonymous>)\n    at rejected (C:\\Users\\hasin\\Downloads\\BL.EN.U4AIE22041\\QUESTION1\\src\\services\\stockService.ts:6:65)\n    at processTicksAndRejections (node:internal/process/task_queues:105:5)","timestamp":"2025-05-12T15:07:52.919Z"}
{"level":"error","message":"Error fetching valid stocks: Request failed with status code 401, Status: 401, Data: {\"message\":\"Invalid authorization token\"}","timestamp":"2025-05-12T15:07:52.932Z"}
{"level":"info","message":"Received stock correlation request: minutes=\"50\", tickers={NVDA},{PYPL}","timestamp":"2025-05-12T15:10:04.921Z"}
{"level":"error","message":"Invalid minutes parameter: \"50\"","timestamp":"2025-05-12T15:10:04.922Z"}
{"level":"info","message":"Received stock correlation request: minutes=50, tickers={NVDA},{PYPL}","timestamp":"2025-05-12T15:10:13.091Z"}
{"level":"info","message":"Fetching valid stocks from test server","timestamp":"2025-05-12T15:10:13.092Z"}
{"level":"info","message":"Fetching valid stocks from test server","timestamp":"2025-05-12T15:10:13.093Z"}
{"level":"error","message":"Error fetching valid stocks: Request failed with status code 401, Status: 401, Data: {\"message\":\"Invalid authorization token\"}","timestamp":"2025-05-12T15:10:13.317Z"}
{"level":"error","message":"Error in getStockCorrelation for {NVDA} and {PYPL}: Failed to fetch valid stocks, Stack: Error: Failed to fetch valid stocks\n    at StockService.<anonymous> (C:\\Users\\hasin\\Downloads\\BL.EN.U4AIE22041\\QUESTION1\\src\\services\\stockService.ts:51:13)\n    at Generator.throw (<anonymous>)\n    at rejected (C:\\Users\\hasin\\Downloads\\BL.EN.U4AIE22041\\QUESTION1\\src\\services\\stockService.ts:6:65)\n    at processTicksAndRejections (node:internal/process/task_queues:105:5)","timestamp":"2025-05-12T15:10:13.319Z"}
{"level":"error","message":"Error in getStockCorrelation: Failed to fetch valid stocks, Stack: Error: Failed to fetch valid stocks\n    at StockService.<anonymous> (C:\\Users\\hasin\\Downloads\\BL.EN.U4AIE22041\\QUESTION1\\src\\services\\stockService.ts:51:13)\n    at Generator.throw (<anonymous>)\n    at rejected (C:\\Users\\hasin\\Downloads\\BL.EN.U4AIE22041\\QUESTION1\\src\\services\\stockService.ts:6:65)\n    at processTicksAndRejections (node:internal/process/task_queues:105:5)","timestamp":"2025-05-12T15:10:13.319Z"}
{"level":"error","message":"Error fetching valid stocks: Request failed with status code 401, Status: 401, Data: {\"message\":\"Invalid authorization token\"}","timestamp":"2025-05-12T15:10:13.346Z"}
{"level":"info","message":"Loading environment variables: TEST_SERVER_URL=http://20.244.56.144/evaluation-service, ACCESS_TOKEN=eyJhbGciOiJIUzI1NiIsInR5cCI6IkpXVCJ9.eyJNYXBDbGFpbXMiOnsiZXhwIjoxNzQ3MDU1MTMxLCJpYXQiOjE3NDcwNTQ4MzEsImlzcyI6IkFmZm9yZG1lZCIsImp0aSI6ImU5N2YyMWU1LWEyZGEtNDM3Yy04NzY1LWQxN2I4MDBiYzBhOSIsInN1YiI6ImJsLmVuLnU0YWllMjIwNDFAYmwuc3R1ZGVudHMuYW1yaXRhLmVkdSJ9LCJlbWFpbCI6ImJsLmVuLnU0YWllMjIwNDFAYmwuc3R1ZGVudHMuYW1yaXRhLmVkdSIsIm5hbWUiOiJuLnYucy5zYW5qYW5hIiwicm9sbE5vIjoiYmwuZW4udTRhaWUyMjA0MSIsImFjY2Vzc0NvZGUiOiJTd3V1S0UiLCJjbGllbnRJRCI6ImU5N2YyMWU1LWEyZGEtNDM3Yy04NzY1LWQxN2I4MDBiYzBhOSIsImNsaWVudFNlY3JldCI6IlpDQmtNQnB4cG1VQUdZWVQifQ.kd0A72RFcmKoGIqhqUNe7nmch1UwTn8FqyWP-4oWBuI","timestamp":"2025-05-12T15:20:34.393Z"}
{"level":"info","message":"Received stock correlation request: minutes=50, tickers=NVDA,PYPL","timestamp":"2025-05-12T15:21:08.029Z"}
{"level":"info","message":"Fetching valid stocks from test server","timestamp":"2025-05-12T15:21:08.033Z"}
{"level":"info","message":"Fetching valid stocks from test server","timestamp":"2025-05-12T15:21:08.046Z"}
{"level":"error","message":"Error fetching valid stocks: Request failed with status code 401, Status: 401, Data: {\"message\":\"Invalid authorization token\"}","timestamp":"2025-05-12T15:21:08.213Z"}
{"level":"error","message":"Error in getStockCorrelation for NVDA and PYPL: Failed to fetch valid stocks, Stack: Error: Failed to fetch valid stocks\n    at StockService.<anonymous> (C:\\Users\\hasin\\Downloads\\BL.EN.U4AIE22041\\QUESTION1\\src\\services\\stockService.ts:51:13)\n    at Generator.throw (<anonymous>)\n    at rejected (C:\\Users\\hasin\\Downloads\\BL.EN.U4AIE22041\\QUESTION1\\src\\services\\stockService.ts:6:65)\n    at processTicksAndRejections (node:internal/process/task_queues:105:5)","timestamp":"2025-05-12T15:21:08.217Z"}
{"level":"error","message":"Error in getStockCorrelation: Failed to fetch valid stocks, Stack: Error: Failed to fetch valid stocks\n    at StockService.<anonymous> (C:\\Users\\hasin\\Downloads\\BL.EN.U4AIE22041\\QUESTION1\\src\\services\\stockService.ts:51:13)\n    at Generator.throw (<anonymous>)\n    at rejected (C:\\Users\\hasin\\Downloads\\BL.EN.U4AIE22041\\QUESTION1\\src\\services\\stockService.ts:6:65)\n    at processTicksAndRejections (node:internal/process/task_queues:105:5)","timestamp":"2025-05-12T15:21:08.218Z"}
{"level":"error","message":"Error fetching valid stocks: Request failed with status code 401, Status: 401, Data: {\"message\":\"Invalid authorization token\"}","timestamp":"2025-05-12T15:21:08.224Z"}
